{
  "RSpec": {
    "coverage": {
      "/Users/t_obara/Desktop/DoctorLoan/ploans/app/models/dynamic_router.rb": [
        1,
        1,
        1,
        1,
        0,
        0,
        null,
        null,
        null,
        null,
        1,
        0,
        null,
        null
      ],
      "/Users/t_obara/Desktop/DoctorLoan/ploans/app/models/article.rb": [
        1,
        null,
        1,
        1,
        1,
        1,
        null,
        null
      ],
      "/Users/t_obara/Desktop/DoctorLoan/ploans/app/models/user.rb": [
        1,
        1,
        null,
        1,
        null,
        null,
        null,
        1,
        null,
        1,
        0,
        null,
        null,
        1,
        0,
        null,
        null,
        null
      ],
      "/Users/t_obara/Desktop/DoctorLoan/ploans/app/helpers/application_helper.rb": [
        1,
        null
      ],
      "/Users/t_obara/Desktop/DoctorLoan/ploans/app/helpers/applies_helper.rb": [
        1,
        null
      ],
      "/Users/t_obara/Desktop/DoctorLoan/ploans/app/helpers/states_helper.rb": [
        1,
        1,
        null,
        4,
        null,
        null,
        null,
        null,
        null,
        null,
        null,
        null,
        null,
        null,
        null,
        null,
        null,
        null,
        null,
        null,
        null,
        null,
        null,
        null,
        null,
        null,
        null,
        null,
        null,
        null,
        null,
        null,
        null,
        null,
        null,
        null,
        null,
        null,
        null,
        null,
        null,
        null,
        null,
        null,
        null,
        null,
        null,
        null,
        null,
        null,
        null,
        null,
        null,
        null,
        null,
        null,
        null,
        null
      ],
      "/Users/t_obara/Desktop/DoctorLoan/ploans/app/controllers/welcome_controller.rb": [
        1,
        1,
        1,
        null,
        1,
        9,
        null,
        null,
        9,
        9,
        9,
        9,
        null,
        null,
        1,
        0,
        0,
        0,
        0,
        null,
        null,
        null
      ],
      "/Users/t_obara/Desktop/DoctorLoan/ploans/app/controllers/application_controller.rb": [
        1,
        1,
        1,
        null,
        1,
        0,
        0,
        0,
        null,
        null,
        null,
        1,
        1,
        null,
        null,
        1,
        null,
        1,
        11,
        3,
        null,
        null,
        null,
        null,
        11,
        4,
        null,
        null,
        null
      ],
      "/Users/t_obara/Desktop/DoctorLoan/ploans/app/models/testimonial.rb": [
        1,
        1,
        null,
        1,
        1,
        1,
        null,
        null,
        null
      ],
      "/Users/t_obara/Desktop/DoctorLoan/ploans/app/controllers/applies_controller.rb": [
        1,
        1,
        1,
        1,
        null,
        1,
        0,
        null,
        null,
        1,
        3,
        3,
        null,
        null,
        3,
        null,
        null,
        1,
        2,
        null,
        2,
        1,
        1,
        1,
        null,
        1,
        1,
        null,
        null,
        null,
        1,
        0,
        0,
        0,
        0,
        null,
        null,
        null,
        1,
        null,
        1,
        0,
        null,
        null,
        null,
        1,
        2,
        null,
        null
      ],
      "/Users/t_obara/Desktop/DoctorLoan/ploans/app/models/apply.rb": [
        1,
        1,
        1,
        1,
        1,
        1,
        1,
        1,
        1,
        null,
        null,
        1,
        null,
        null,
        null,
        1,
        null,
        0,
        null,
        null,
        null,
        null,
        null,
        null,
        null,
        null,
        null,
        null,
        null,
        null,
        null,
        null,
        null,
        null,
        null,
        null,
        null,
        null,
        null,
        null,
        null,
        null,
        null,
        null,
        null,
        null,
        null,
        null,
        null,
        null,
        null,
        null,
        null,
        null,
        null,
        null,
        null,
        null,
        null,
        null,
        null,
        null,
        null,
        null,
        null,
        null,
        null,
        null,
        null,
        null,
        null,
        null
      ],
      "/Users/t_obara/Desktop/DoctorLoan/ploans/app/mailers/apply_mailer.rb": [
        1,
        1,
        1,
        1,
        null,
        null
      ],
      "/Users/t_obara/Desktop/DoctorLoan/ploans/app/mailers/application_mailer.rb": [
        1,
        1,
        null
      ],
      "/Users/t_obara/Desktop/DoctorLoan/ploans/app/controllers/articles_controller.rb": [
        0,
        0,
        0,
        0,
        0,
        0,
        0,
        0,
        0,
        0,
        0
      ],
      "/Users/t_obara/Desktop/DoctorLoan/ploans/app/controllers/contacts_controller.rb": [
        0,
        0,
        0,
        0,
        0,
        0,
        0,
        0,
        0,
        0,
        0,
        0,
        0,
        0,
        0,
        0,
        0,
        0,
        0,
        0,
        0,
        0,
        0,
        0,
        0,
        0,
        0,
        0,
        0,
        0,
        0,
        0,
        0,
        0,
        0,
        0,
        0,
        0,
        0,
        0,
        0,
        0,
        0,
        0,
        0,
        0,
        0,
        0,
        0,
        0,
        0
      ],
      "/Users/t_obara/Desktop/DoctorLoan/ploans/app/controllers/mortgages_controller.rb": [
        0,
        0,
        0,
        0,
        0,
        0,
        0,
        0,
        0,
        0,
        0,
        0,
        0,
        0,
        0,
        0,
        0,
        0,
        0,
        0,
        0,
        0,
        0,
        0,
        0,
        0,
        0,
        0,
        0,
        0,
        0,
        0,
        0,
        0
      ],
      "/Users/t_obara/Desktop/DoctorLoan/ploans/app/controllers/privacy_controller.rb": [
        0,
        0,
        0,
        0,
        0,
        0,
        0,
        0,
        0,
        0,
        0,
        0,
        0,
        0
      ],
      "/Users/t_obara/Desktop/DoctorLoan/ploans/app/controllers/testimonials_controller.rb": [
        0,
        0,
        0,
        0,
        0,
        0,
        0,
        0,
        0,
        0,
        0,
        0,
        0,
        0,
        0,
        0,
        0,
        0,
        0,
        0,
        0,
        0,
        0,
        0,
        0,
        0,
        0,
        0,
        0,
        0,
        0,
        0,
        0,
        0,
        0,
        0,
        0,
        0,
        0,
        0,
        0,
        0,
        0,
        0,
        0,
        0,
        0,
        0,
        0,
        0,
        0,
        0,
        0,
        0,
        0,
        0,
        0,
        0,
        0,
        0
      ],
      "/Users/t_obara/Desktop/DoctorLoan/ploans/app/mailers/contact_mailer.rb": [
        0,
        0,
        0,
        0,
        0,
        0
      ],
      "/Users/t_obara/Desktop/DoctorLoan/ploans/app/models/contact.rb": [
        0,
        0,
        0,
        0,
        0
      ]
    },
    "timestamp": 1483974267
  }
}
